SF:lib/src/result.dart
DA:21,3
DA:30,2
DA:35,6
DA:36,4
DA:41,1
DA:43,4
DA:44,4
DA:51,3
DA:56,1
DA:57,2
DA:59,1
DA:61,4
DA:63,1
DA:64,2
DA:69,3
DA:77,1
DA:78,3
DA:80,1
DA:83,7
DA:85,1
DA:86,3
LF:21
LH:21
end_of_record
SF:lib/src/state.dart
DA:20,4
DA:25,8
DA:27,2
DA:29,2
DA:30,2
DA:34,4
DA:35,4
DA:36,3
DA:37,3
DA:40,1
DA:41,2
DA:49,3
DA:52,3
DA:53,6
DA:54,3
DA:55,3
DA:60,1
DA:61,1
DA:62,1
DA:65,1
DA:88,4
DA:94,8
DA:97,3
DA:100,3
DA:101,10
DA:104,3
DA:111,1
DA:116,1
DA:117,1
DA:125,2
DA:131,2
DA:134,2
DA:135,2
DA:136,2
DA:137,2
DA:140,2
DA:141,4
DA:142,1
DA:143,2
DA:144,6
DA:145,4
DA:146,1
DA:148,2
DA:149,2
DA:150,2
DA:153,2
DA:157,2
DA:162,2
DA:163,2
DA:170,1
DA:172,0
DA:173,0
DA:180,2
DA:181,4
DA:184,2
DA:185,4
DA:188,1
DA:189,3
DA:190,2
DA:191,1
DA:196,1
DA:197,2
DA:198,1
DA:202,1
DA:203,2
DA:204,1
DA:208,1
DA:209,2
DA:210,1
DA:215,1
DA:216,1
DA:217,2
DA:218,1
DA:223,1
DA:224,1
DA:225,2
DA:226,1
DA:230,1
DA:231,1
DA:232,3
DA:233,1
DA:237,1
DA:238,2
DA:239,2
DA:240,1
DA:245,1
DA:246,2
DA:247,1
DA:250,1
DA:251,4
DA:252,1
DA:253,3
DA:258,1
DA:260,1
DA:261,2
DA:268,2
DA:269,4
DA:272,2
DA:273,4
DA:276,1
DA:277,3
DA:278,2
DA:279,1
DA:284,1
DA:285,3
DA:286,2
DA:287,1
DA:292,1
DA:293,2
DA:294,1
DA:298,1
DA:299,2
DA:300,1
DA:305,3
DA:308,1
DA:309,2
DA:310,2
DA:311,1
DA:316,1
DA:317,2
DA:318,2
DA:320,1
DA:321,1
DA:327,1
DA:328,2
DA:329,1
DA:332,1
DA:334,1
DA:335,2
DA:342,2
DA:343,4
DA:346,2
DA:347,4
DA:350,1
DA:351,3
DA:352,2
DA:353,1
DA:358,1
DA:359,2
DA:361,1
DA:367,1
DA:368,1
DA:369,2
DA:370,1
DA:374,1
DA:375,2
DA:377,1
DA:383,1
DA:384,1
DA:385,2
DA:386,1
DA:390,3
DA:393,1
DA:394,2
DA:395,2
DA:396,1
DA:401,1
DA:402,2
DA:403,1
DA:407,3
DA:410,3
DA:413,1
DA:414,2
DA:415,2
DA:416,3
DA:417,1
DA:422,1
DA:423,2
DA:424,2
DA:425,3
DA:426,1
DA:431,1
DA:432,2
DA:433,2
DA:434,3
DA:435,1
DA:440,3
DA:443,3
DA:446,3
DA:449,3
DA:451,1
DA:453,1
DA:454,2
DA:462,1
DA:464,1
DA:465,3
DA:478,4
DA:499,0
DA:501,2
DA:503,2
DA:505,3
DA:507,2
DA:509,2
DA:511,2
DA:517,2
DA:518,4
DA:521,1
DA:526,1
DA:528,0
DA:529,2
DA:532,1
DA:533,1
DA:534,2
DA:535,1
DA:538,1
DA:539,2
DA:540,2
DA:542,2
DA:544,1
DA:545,0
DA:546,0
DA:548,1
DA:549,4
DA:550,4
DA:553,1
DA:554,1
DA:555,1
DA:557,1
DA:558,3
DA:559,1
DA:560,1
DA:561,1
DA:563,1
DA:564,2
DA:565,1
DA:570,1
DA:575,1
DA:577,1
DA:578,1
DA:579,0
DA:580,1
DA:583,4
DA:584,2
DA:586,1
DA:588,1
DA:589,2
DA:590,2
DA:594,3
DA:595,1
DA:596,2
DA:597,1
DA:598,2
DA:599,4
DA:603,1
DA:605,1
DA:606,3
DA:607,1
DA:608,1
DA:609,1
DA:611,1
DA:612,0
DA:613,1
DA:618,1
DA:623,1
DA:624,1
DA:625,0
DA:626,1
DA:630,3
DA:631,1
DA:632,1
DA:633,2
DA:635,1
DA:636,2
DA:637,2
DA:639,2
DA:641,1
DA:642,0
DA:643,0
DA:645,1
DA:646,4
DA:647,2
DA:648,2
DA:652,1
DA:653,1
DA:654,1
DA:656,0
DA:657,0
DA:658,0
DA:659,0
DA:660,0
DA:662,1
DA:663,0
DA:664,1
DA:669,1
DA:670,1
DA:673,1
DA:675,3
DA:676,1
DA:680,1
DA:681,3
DA:682,1
DA:683,1
DA:684,1
DA:685,1
DA:686,2
DA:687,1
DA:690,1
DA:692,1
DA:694,6
DA:701,2
DA:706,4
DA:707,1
DA:708,1
DA:709,1
DA:711,1
DA:712,3
DA:717,2
DA:719,4
DA:720,2
DA:723,1
LF:310
LH:293
end_of_record
SF:lib/src/view_model.dart
DA:8,2
DA:9,2
DA:14,1
DA:15,2
DA:19,1
DA:22,1
DA:25,1
DA:28,1
DA:31,1
DA:34,1
DA:37,1
DA:40,1
DA:43,1
DA:46,1
DA:49,1
DA:52,1
DA:55,1
DA:59,1
DA:63,1
DA:66,1
DA:70,1
DA:74,1
DA:77,1
DA:81,1
DA:85,1
DA:90,4
DA:92,4
DA:94,2
DA:96,3
DA:97,1
DA:99,4
DA:100,8
DA:103,2
DA:105,8
DA:113,0
DA:117,2
DA:118,1
DA:120,2
DA:122,1
DA:128,1
DA:132,1
DA:133,3
DA:134,4
DA:138,1
DA:139,2
DA:140,1
DA:142,3
DA:143,1
DA:148,3
DA:150,1
DA:151,2
DA:154,3
DA:156,1
DA:157,2
DA:159,2
DA:160,4
DA:161,2
DA:163,2
DA:167,1
DA:168,3
DA:169,2
DA:171,2
DA:172,2
DA:173,2
DA:181,1
DA:188,0
DA:189,0
DA:190,0
DA:191,0
DA:195,0
DA:197,0
DA:198,0
DA:201,0
DA:203,0
DA:204,0
DA:207,0
DA:209,0
DA:210,0
DA:211,0
DA:212,0
DA:213,0
DA:222,1
DA:228,1
DA:230,1
DA:232,0
DA:234,0
DA:235,0
DA:238,1
DA:240,1
DA:241,1
DA:242,1
DA:248,5
DA:250,1
DA:252,2
DA:253,1
DA:256,1
DA:258,4
DA:265,1
DA:267,0
DA:273,0
DA:274,0
DA:275,0
DA:278,0
DA:280,0
DA:284,0
DA:285,0
DA:290,0
DA:292,0
DA:296,0
DA:299,0
DA:302,0
DA:303,0
LF:112
LH:78
end_of_record
SF:lib/src/state_builder.dart
DA:12,1
DA:20,1
DA:21,1
DA:25,1
DA:27,1
DA:28,4
DA:29,2
DA:30,10
DA:34,1
DA:35,3
DA:38,1
DA:40,4
DA:41,1
DA:44,1
DA:46,8
DA:56,1
DA:64,1
DA:65,1
DA:71,1
DA:73,1
DA:74,5
DA:75,3
DA:76,1
DA:77,3
DA:79,1
DA:80,2
DA:82,9
DA:83,7
DA:88,1
DA:90,5
DA:91,6
DA:93,1
DA:96,1
DA:98,6
DA:99,5
DA:111,1
DA:120,1
DA:122,1
DA:123,1
DA:124,1
DA:125,3
DA:126,2
DA:128,3
DA:129,5
DA:131,2
DA:133,1
LF:46
LH:46
end_of_record
